2019-06-18 10:10:26,156 ERROR SpringApplication:858 - Application run failed
org.springframework.beans.factory.BeanCreationException: Error creating bean with name 'objectMapperConfigurer' defined in class path resource [springfox/documentation/spring/web/SpringfoxWebMvcConfiguration.class]: BeanPostProcessor before instantiation of bean failed; nested exception is org.springframework.beans.factory.BeanCreationException: Error creating bean with name 'org.springframework.transaction.annotation.ProxyTransactionManagementConfiguration': BeanPostProcessor before instantiation of bean failed; nested exception is java.lang.IllegalArgumentException: @org.aspectj.lang.annotation.AfterReturning(pointcut=, value=, argNames=, returning=rete) is not a valid AspectJ annotation
	at org.springframework.beans.factory.support.AbstractAutowireCapableBeanFactory.createBean(AbstractAutowireCapableBeanFactory.java:510)
	at org.springframework.beans.factory.support.AbstractBeanFactory.lambda$doGetBean$0(AbstractBeanFactory.java:320)
	at org.springframework.beans.factory.support.DefaultSingletonBeanRegistry.getSingleton(DefaultSingletonBeanRegistry.java:222)
	at org.springframework.beans.factory.support.AbstractBeanFactory.doGetBean(AbstractBeanFactory.java:318)
	at org.springframework.beans.factory.support.AbstractBeanFactory.getBean(AbstractBeanFactory.java:204)
	at org.springframework.context.support.PostProcessorRegistrationDelegate.registerBeanPostProcessors(PostProcessorRegistrationDelegate.java:240)
	at org.springframework.context.support.AbstractApplicationContext.registerBeanPostProcessors(AbstractApplicationContext.java:721)
	at org.springframework.context.support.AbstractApplicationContext.refresh(AbstractApplicationContext.java:534)
	at org.springframework.boot.web.servlet.context.ServletWebServerApplicationContext.refresh(ServletWebServerApplicationContext.java:142)
	at org.springframework.boot.SpringApplication.refresh(SpringApplication.java:775)
	at org.springframework.boot.SpringApplication.refreshContext(SpringApplication.java:397)
	at org.springframework.boot.SpringApplication.run(SpringApplication.java:316)
	at org.springframework.boot.SpringApplication.run(SpringApplication.java:1260)
	at org.springframework.boot.SpringApplication.run(SpringApplication.java:1248)
	at com.sqlva.springboot.DemoApplication.main(DemoApplication.java:14)
Caused by: org.springframework.beans.factory.BeanCreationException: Error creating bean with name 'org.springframework.transaction.annotation.ProxyTransactionManagementConfiguration': BeanPostProcessor before instantiation of bean failed; nested exception is java.lang.IllegalArgumentException: @org.aspectj.lang.annotation.AfterReturning(pointcut=, value=, argNames=, returning=rete) is not a valid AspectJ annotation
	at org.springframework.beans.factory.support.AbstractAutowireCapableBeanFactory.createBean(AbstractAutowireCapableBeanFactory.java:510)
	at org.springframework.beans.factory.support.AbstractBeanFactory.lambda$doGetBean$0(AbstractBeanFactory.java:320)
	at org.springframework.beans.factory.support.DefaultSingletonBeanRegistry.getSingleton(DefaultSingletonBeanRegistry.java:222)
	at org.springframework.beans.factory.support.AbstractBeanFactory.doGetBean(AbstractBeanFactory.java:318)
	at org.springframework.beans.factory.support.AbstractBeanFactory.getBean(AbstractBeanFactory.java:199)
	at org.springframework.beans.factory.support.ConstructorResolver.instantiateUsingFactoryMethod(ConstructorResolver.java:392)
	at org.springframework.beans.factory.support.AbstractAutowireCapableBeanFactory.instantiateUsingFactoryMethod(AbstractAutowireCapableBeanFactory.java:1321)
	at org.springframework.beans.factory.support.AbstractAutowireCapableBeanFactory.createBeanInstance(AbstractAutowireCapableBeanFactory.java:1160)
	at org.springframework.beans.factory.support.AbstractAutowireCapableBeanFactory.doCreateBean(AbstractAutowireCapableBeanFactory.java:555)
	at org.springframework.beans.factory.support.AbstractAutowireCapableBeanFactory.createBean(AbstractAutowireCapableBeanFactory.java:515)
	at org.springframework.beans.factory.support.AbstractBeanFactory.lambda$doGetBean$0(AbstractBeanFactory.java:320)
	at org.springframework.beans.factory.support.DefaultSingletonBeanRegistry.getSingleton(DefaultSingletonBeanRegistry.java:222)
	at org.springframework.beans.factory.support.AbstractBeanFactory.doGetBean(AbstractBeanFactory.java:318)
	at org.springframework.beans.factory.support.AbstractBeanFactory.getBean(AbstractBeanFactory.java:204)
	at org.springframework.aop.framework.autoproxy.BeanFactoryAdvisorRetrievalHelper.findAdvisorBeans(BeanFactoryAdvisorRetrievalHelper.java:91)
	at org.springframework.aop.framework.autoproxy.AbstractAdvisorAutoProxyCreator.findCandidateAdvisors(AbstractAdvisorAutoProxyCreator.java:109)
	at org.springframework.aop.aspectj.annotation.AnnotationAwareAspectJAutoProxyCreator.findCandidateAdvisors(AnnotationAwareAspectJAutoProxyCreator.java:92)
	at org.springframework.aop.aspectj.autoproxy.AspectJAwareAdvisorAutoProxyCreator.shouldSkip(AspectJAwareAdvisorAutoProxyCreator.java:101)
	at org.springframework.aop.framework.autoproxy.AbstractAutoProxyCreator.postProcessBeforeInstantiation(AbstractAutoProxyCreator.java:251)
	at org.springframework.beans.factory.support.AbstractAutowireCapableBeanFactory.applyBeanPostProcessorsBeforeInstantiation(AbstractAutowireCapableBeanFactory.java:1124)
	at org.springframework.beans.factory.support.AbstractAutowireCapableBeanFactory.resolveBeforeInstantiation(AbstractAutowireCapableBeanFactory.java:1097)
	at org.springframework.beans.factory.support.AbstractAutowireCapableBeanFactory.createBean(AbstractAutowireCapableBeanFactory.java:504)
	... 14 more
Caused by: java.lang.IllegalArgumentException: @org.aspectj.lang.annotation.AfterReturning(pointcut=, value=, argNames=, returning=rete) is not a valid AspectJ annotation
	at org.springframework.aop.aspectj.annotation.AbstractAspectJAdvisorFactory$AspectJAnnotation.<init>(AbstractAspectJAdvisorFactory.java:201)
	at org.springframework.aop.aspectj.annotation.AbstractAspectJAdvisorFactory.findAnnotation(AbstractAspectJAdvisorFactory.java:146)
	at org.springframework.aop.aspectj.annotation.AbstractAspectJAdvisorFactory.findAspectJAnnotationOnMethod(AbstractAspectJAdvisorFactory.java:134)
	at org.springframework.aop.aspectj.annotation.ReflectiveAspectJAdvisorFactory.lambda$static$0(ReflectiveAspectJAdvisorFactory.java:80)
	at org.springframework.core.convert.converter.ConvertingComparator.compare(ConvertingComparator.java:80)
	at java.util.Comparator.lambda$thenComparing$36697e65$1(Comparator.java:216)
	at java.util.TimSort.countRunAndMakeAscending(TimSort.java:355)
	at java.util.TimSort.sort(TimSort.java:220)
	at java.util.Arrays.sort(Arrays.java:1512)
	at java.util.ArrayList.sort(ArrayList.java:1462)
	at org.springframework.aop.aspectj.annotation.ReflectiveAspectJAdvisorFactory.getAdvisorMethods(ReflectiveAspectJAdvisorFactory.java:157)
	at org.springframework.aop.aspectj.annotation.ReflectiveAspectJAdvisorFactory.getAdvisors(ReflectiveAspectJAdvisorFactory.java:125)
	at org.springframework.aop.aspectj.annotation.BeanFactoryAspectJAdvisorsBuilder.buildAspectJAdvisors(BeanFactoryAspectJAdvisorsBuilder.java:110)
	at org.springframework.aop.aspectj.annotation.AnnotationAwareAspectJAutoProxyCreator.findCandidateAdvisors(AnnotationAwareAspectJAutoProxyCreator.java:95)
	at org.springframework.aop.aspectj.autoproxy.AspectJAwareAdvisorAutoProxyCreator.shouldSkip(AspectJAwareAdvisorAutoProxyCreator.java:101)
	at org.springframework.aop.framework.autoproxy.AbstractAutoProxyCreator.postProcessBeforeInstantiation(AbstractAutoProxyCreator.java:251)
	at org.springframework.beans.factory.support.AbstractAutowireCapableBeanFactory.applyBeanPostProcessorsBeforeInstantiation(AbstractAutowireCapableBeanFactory.java:1124)
	at org.springframework.beans.factory.support.AbstractAutowireCapableBeanFactory.resolveBeforeInstantiation(AbstractAutowireCapableBeanFactory.java:1097)
	at org.springframework.beans.factory.support.AbstractAutowireCapableBeanFactory.createBean(AbstractAutowireCapableBeanFactory.java:504)
	... 35 more
Caused by: java.lang.IllegalStateException: Failed to resolve expression: @org.aspectj.lang.annotation.AfterReturning(pointcut=, value=, argNames=, returning=rete)
	at org.springframework.aop.aspectj.annotation.AbstractAspectJAdvisorFactory$AspectJAnnotation.resolveExpression(AbstractAspectJAdvisorFactory.java:223)
	at org.springframework.aop.aspectj.annotation.AbstractAspectJAdvisorFactory$AspectJAnnotation.<init>(AbstractAspectJAdvisorFactory.java:196)
	... 53 more
2019-06-18 10:11:54,467 ERROR SpringApplication:858 - Application run failed
org.springframework.beans.factory.BeanCreationException: Error creating bean with name 'objectMapperConfigurer' defined in class path resource [springfox/documentation/spring/web/SpringfoxWebMvcConfiguration.class]: BeanPostProcessor before instantiation of bean failed; nested exception is org.springframework.beans.factory.BeanCreationException: Error creating bean with name 'org.springframework.transaction.annotation.ProxyTransactionManagementConfiguration': BeanPostProcessor before instantiation of bean failed; nested exception is java.lang.IllegalArgumentException: @org.aspectj.lang.annotation.AfterReturning(pointcut=, value=, argNames=, returning=rete) is not a valid AspectJ annotation
	at org.springframework.beans.factory.support.AbstractAutowireCapableBeanFactory.createBean(AbstractAutowireCapableBeanFactory.java:510)
	at org.springframework.beans.factory.support.AbstractBeanFactory.lambda$doGetBean$0(AbstractBeanFactory.java:320)
	at org.springframework.beans.factory.support.DefaultSingletonBeanRegistry.getSingleton(DefaultSingletonBeanRegistry.java:222)
	at org.springframework.beans.factory.support.AbstractBeanFactory.doGetBean(AbstractBeanFactory.java:318)
	at org.springframework.beans.factory.support.AbstractBeanFactory.getBean(AbstractBeanFactory.java:204)
	at org.springframework.context.support.PostProcessorRegistrationDelegate.registerBeanPostProcessors(PostProcessorRegistrationDelegate.java:240)
	at org.springframework.context.support.AbstractApplicationContext.registerBeanPostProcessors(AbstractApplicationContext.java:721)
	at org.springframework.context.support.AbstractApplicationContext.refresh(AbstractApplicationContext.java:534)
	at org.springframework.boot.web.servlet.context.ServletWebServerApplicationContext.refresh(ServletWebServerApplicationContext.java:142)
	at org.springframework.boot.SpringApplication.refresh(SpringApplication.java:775)
	at org.springframework.boot.SpringApplication.refreshContext(SpringApplication.java:397)
	at org.springframework.boot.SpringApplication.run(SpringApplication.java:316)
	at org.springframework.boot.SpringApplication.run(SpringApplication.java:1260)
	at org.springframework.boot.SpringApplication.run(SpringApplication.java:1248)
	at com.sqlva.springboot.DemoApplication.main(DemoApplication.java:14)
Caused by: org.springframework.beans.factory.BeanCreationException: Error creating bean with name 'org.springframework.transaction.annotation.ProxyTransactionManagementConfiguration': BeanPostProcessor before instantiation of bean failed; nested exception is java.lang.IllegalArgumentException: @org.aspectj.lang.annotation.AfterReturning(pointcut=, value=, argNames=, returning=rete) is not a valid AspectJ annotation
	at org.springframework.beans.factory.support.AbstractAutowireCapableBeanFactory.createBean(AbstractAutowireCapableBeanFactory.java:510)
	at org.springframework.beans.factory.support.AbstractBeanFactory.lambda$doGetBean$0(AbstractBeanFactory.java:320)
	at org.springframework.beans.factory.support.DefaultSingletonBeanRegistry.getSingleton(DefaultSingletonBeanRegistry.java:222)
	at org.springframework.beans.factory.support.AbstractBeanFactory.doGetBean(AbstractBeanFactory.java:318)
	at org.springframework.beans.factory.support.AbstractBeanFactory.getBean(AbstractBeanFactory.java:199)
	at org.springframework.beans.factory.support.ConstructorResolver.instantiateUsingFactoryMethod(ConstructorResolver.java:392)
	at org.springframework.beans.factory.support.AbstractAutowireCapableBeanFactory.instantiateUsingFactoryMethod(AbstractAutowireCapableBeanFactory.java:1321)
	at org.springframework.beans.factory.support.AbstractAutowireCapableBeanFactory.createBeanInstance(AbstractAutowireCapableBeanFactory.java:1160)
	at org.springframework.beans.factory.support.AbstractAutowireCapableBeanFactory.doCreateBean(AbstractAutowireCapableBeanFactory.java:555)
	at org.springframework.beans.factory.support.AbstractAutowireCapableBeanFactory.createBean(AbstractAutowireCapableBeanFactory.java:515)
	at org.springframework.beans.factory.support.AbstractBeanFactory.lambda$doGetBean$0(AbstractBeanFactory.java:320)
	at org.springframework.beans.factory.support.DefaultSingletonBeanRegistry.getSingleton(DefaultSingletonBeanRegistry.java:222)
	at org.springframework.beans.factory.support.AbstractBeanFactory.doGetBean(AbstractBeanFactory.java:318)
	at org.springframework.beans.factory.support.AbstractBeanFactory.getBean(AbstractBeanFactory.java:204)
	at org.springframework.aop.framework.autoproxy.BeanFactoryAdvisorRetrievalHelper.findAdvisorBeans(BeanFactoryAdvisorRetrievalHelper.java:91)
	at org.springframework.aop.framework.autoproxy.AbstractAdvisorAutoProxyCreator.findCandidateAdvisors(AbstractAdvisorAutoProxyCreator.java:109)
	at org.springframework.aop.aspectj.annotation.AnnotationAwareAspectJAutoProxyCreator.findCandidateAdvisors(AnnotationAwareAspectJAutoProxyCreator.java:92)
	at org.springframework.aop.aspectj.autoproxy.AspectJAwareAdvisorAutoProxyCreator.shouldSkip(AspectJAwareAdvisorAutoProxyCreator.java:101)
	at org.springframework.aop.framework.autoproxy.AbstractAutoProxyCreator.postProcessBeforeInstantiation(AbstractAutoProxyCreator.java:251)
	at org.springframework.beans.factory.support.AbstractAutowireCapableBeanFactory.applyBeanPostProcessorsBeforeInstantiation(AbstractAutowireCapableBeanFactory.java:1124)
	at org.springframework.beans.factory.support.AbstractAutowireCapableBeanFactory.resolveBeforeInstantiation(AbstractAutowireCapableBeanFactory.java:1097)
	at org.springframework.beans.factory.support.AbstractAutowireCapableBeanFactory.createBean(AbstractAutowireCapableBeanFactory.java:504)
	... 14 more
Caused by: java.lang.IllegalArgumentException: @org.aspectj.lang.annotation.AfterReturning(pointcut=, value=, argNames=, returning=rete) is not a valid AspectJ annotation
	at org.springframework.aop.aspectj.annotation.AbstractAspectJAdvisorFactory$AspectJAnnotation.<init>(AbstractAspectJAdvisorFactory.java:201)
	at org.springframework.aop.aspectj.annotation.AbstractAspectJAdvisorFactory.findAnnotation(AbstractAspectJAdvisorFactory.java:146)
	at org.springframework.aop.aspectj.annotation.AbstractAspectJAdvisorFactory.findAspectJAnnotationOnMethod(AbstractAspectJAdvisorFactory.java:134)
	at org.springframework.aop.aspectj.annotation.ReflectiveAspectJAdvisorFactory.lambda$static$0(ReflectiveAspectJAdvisorFactory.java:80)
	at org.springframework.core.convert.converter.ConvertingComparator.compare(ConvertingComparator.java:80)
	at java.util.Comparator.lambda$thenComparing$36697e65$1(Comparator.java:216)
	at java.util.TimSort.countRunAndMakeAscending(TimSort.java:355)
	at java.util.TimSort.sort(TimSort.java:220)
	at java.util.Arrays.sort(Arrays.java:1512)
	at java.util.ArrayList.sort(ArrayList.java:1462)
	at org.springframework.aop.aspectj.annotation.ReflectiveAspectJAdvisorFactory.getAdvisorMethods(ReflectiveAspectJAdvisorFactory.java:157)
	at org.springframework.aop.aspectj.annotation.ReflectiveAspectJAdvisorFactory.getAdvisors(ReflectiveAspectJAdvisorFactory.java:125)
	at org.springframework.aop.aspectj.annotation.BeanFactoryAspectJAdvisorsBuilder.buildAspectJAdvisors(BeanFactoryAspectJAdvisorsBuilder.java:110)
	at org.springframework.aop.aspectj.annotation.AnnotationAwareAspectJAutoProxyCreator.findCandidateAdvisors(AnnotationAwareAspectJAutoProxyCreator.java:95)
	at org.springframework.aop.aspectj.autoproxy.AspectJAwareAdvisorAutoProxyCreator.shouldSkip(AspectJAwareAdvisorAutoProxyCreator.java:101)
	at org.springframework.aop.framework.autoproxy.AbstractAutoProxyCreator.postProcessBeforeInstantiation(AbstractAutoProxyCreator.java:251)
	at org.springframework.beans.factory.support.AbstractAutowireCapableBeanFactory.applyBeanPostProcessorsBeforeInstantiation(AbstractAutowireCapableBeanFactory.java:1124)
	at org.springframework.beans.factory.support.AbstractAutowireCapableBeanFactory.resolveBeforeInstantiation(AbstractAutowireCapableBeanFactory.java:1097)
	at org.springframework.beans.factory.support.AbstractAutowireCapableBeanFactory.createBean(AbstractAutowireCapableBeanFactory.java:504)
	... 35 more
Caused by: java.lang.IllegalStateException: Failed to resolve expression: @org.aspectj.lang.annotation.AfterReturning(pointcut=, value=, argNames=, returning=rete)
	at org.springframework.aop.aspectj.annotation.AbstractAspectJAdvisorFactory$AspectJAnnotation.resolveExpression(AbstractAspectJAdvisorFactory.java:223)
	at org.springframework.aop.aspectj.annotation.AbstractAspectJAdvisorFactory$AspectJAnnotation.<init>(AbstractAspectJAdvisorFactory.java:196)
	... 53 more
2019-06-18 12:08:35,723 ERROR LoggingFailureAnalysisReporter:42 - 

***************************
APPLICATION FAILED TO START
***************************

Description:

Parameter 0 of constructor in springfox.documentation.spring.web.plugins.WebMvcRequestHandlerProvider required a bean named 'mongoTemplate' that could not be found.


Action:

Consider defining a bean named 'mongoTemplate' in your configuration.

2019-06-18 12:09:34,853 ERROR LoggingFailureAnalysisReporter:42 - 

***************************
APPLICATION FAILED TO START
***************************

Description:

Parameter 0 of constructor in springfox.documentation.spring.web.plugins.WebMvcRequestHandlerProvider required a bean named 'mongoTemplate' that could not be found.


Action:

Consider defining a bean named 'mongoTemplate' in your configuration.

2019-06-18 12:11:00,019 ERROR LoggingFailureAnalysisReporter:42 - 

***************************
APPLICATION FAILED TO START
***************************

Description:

Parameter 0 of constructor in springfox.documentation.spring.web.plugins.WebMvcRequestHandlerProvider required a bean named 'mongoTemplate' that could not be found.


Action:

Consider defining a bean named 'mongoTemplate' in your configuration.

2019-06-18 12:15:52,116 ERROR LoggingFailureAnalysisReporter:42 - 

***************************
APPLICATION FAILED TO START
***************************

Description:

Parameter 0 of constructor in springfox.documentation.spring.web.plugins.WebMvcRequestHandlerProvider required a bean named 'mongoTemplate' that could not be found.


Action:

Consider defining a bean named 'mongoTemplate' in your configuration.

2019-06-18 12:18:15,038 ERROR LoggingFailureAnalysisReporter:42 - 

***************************
APPLICATION FAILED TO START
***************************

Description:

Parameter 0 of constructor in springfox.documentation.spring.web.plugins.WebMvcRequestHandlerProvider required a bean named 'mongoTemplate' that could not be found.


Action:

Consider defining a bean named 'mongoTemplate' in your configuration.

2019-06-18 14:03:56,328 ERROR LoggingFailureAnalysisReporter:42 - 

***************************
APPLICATION FAILED TO START
***************************

Description:

Parameter 0 of constructor in springfox.documentation.spring.web.plugins.WebMvcRequestHandlerProvider required a bean named 'mongoTemplate' that could not be found.


Action:

Consider defining a bean named 'mongoTemplate' in your configuration.

2019-06-18 14:04:11,876 ERROR LoggingFailureAnalysisReporter:42 - 

***************************
APPLICATION FAILED TO START
***************************

Description:

Parameter 0 of constructor in springfox.documentation.spring.web.plugins.WebMvcRequestHandlerProvider required a bean named 'mongoTemplate' that could not be found.


Action:

Consider defining a bean named 'mongoTemplate' in your configuration.

2019-06-18 14:11:52,741 ERROR LoggingFailureAnalysisReporter:42 - 

***************************
APPLICATION FAILED TO START
***************************

Description:

Parameter 0 of constructor in springfox.documentation.spring.web.plugins.WebMvcRequestHandlerProvider required a bean named 'mongoTemplate' that could not be found.


Action:

Consider defining a bean named 'mongoTemplate' in your configuration.

